<!DOCTYPE html>
<html>
  <head>
    <meta charset="utf-8"/>
    <title>Test Report</title>
    <link href="assets/style.css" rel="stylesheet" type="text/css"/></head>
  <body onLoad="init()">
    <script>/* This Source Code Form is subject to the terms of the Mozilla Public
 * License, v. 2.0. If a copy of the MPL was not distributed with this file,
 * You can obtain one at http://mozilla.org/MPL/2.0/. */


function toArray(iter) {
    if (iter === null) {
        return null;
    }
    return Array.prototype.slice.call(iter);
}

function find(selector, elem) {
    if (!elem) {
        elem = document;
    }
    return elem.querySelector(selector);
}

function find_all(selector, elem) {
    if (!elem) {
        elem = document;
    }
    return toArray(elem.querySelectorAll(selector));
}

function sort_column(elem) {
    toggle_sort_states(elem);
    var colIndex = toArray(elem.parentNode.childNodes).indexOf(elem);
    var key;
    if (elem.classList.contains('numeric')) {
        key = key_num;
    } else if (elem.classList.contains('result')) {
        key = key_result;
    } else {
        key = key_alpha;
    }
    sort_table(elem, key(colIndex));
}

function show_all_extras() {
    find_all('.col-result').forEach(show_extras);
}

function hide_all_extras() {
    find_all('.col-result').forEach(hide_extras);
}

function show_extras(colresult_elem) {
    var extras = colresult_elem.parentNode.nextElementSibling;
    var expandcollapse = colresult_elem.firstElementChild;
    extras.classList.remove("collapsed");
    expandcollapse.classList.remove("expander");
    expandcollapse.classList.add("collapser");
}

function hide_extras(colresult_elem) {
    var extras = colresult_elem.parentNode.nextElementSibling;
    var expandcollapse = colresult_elem.firstElementChild;
    extras.classList.add("collapsed");
    expandcollapse.classList.remove("collapser");
    expandcollapse.classList.add("expander");
}

function show_filters() {
    var filter_items = document.getElementsByClassName('filter');
    for (var i = 0; i < filter_items.length; i++)
        filter_items[i].hidden = false;
}

function add_collapse() {
    // Add links for show/hide all
    var resulttable = find('table#results-table');
    var showhideall = document.createElement("p");
    showhideall.innerHTML = '<a href="javascript:show_all_extras()">Show all details</a> / ' +
                            '<a href="javascript:hide_all_extras()">Hide all details</a>';
    resulttable.parentElement.insertBefore(showhideall, resulttable);

    // Add show/hide link to each result
    find_all('.col-result').forEach(function(elem) {
        var collapsed = get_query_parameter('collapsed') || 'Passed';
        var extras = elem.parentNode.nextElementSibling;
        var expandcollapse = document.createElement("span");
        if (extras.classList.contains("collapsed")) {
            expandcollapse.classList.add("expander")
        } else if (collapsed.includes(elem.innerHTML)) {
            extras.classList.add("collapsed");
            expandcollapse.classList.add("expander");
        } else {
            expandcollapse.classList.add("collapser");
        }
        elem.appendChild(expandcollapse);

        elem.addEventListener("click", function(event) {
            if (event.currentTarget.parentNode.nextElementSibling.classList.contains("collapsed")) {
                show_extras(event.currentTarget);
            } else {
                hide_extras(event.currentTarget);
            }
        });
    })
}

function get_query_parameter(name) {
    var match = RegExp('[?&]' + name + '=([^&]*)').exec(window.location.search);
    return match && decodeURIComponent(match[1].replace(/\+/g, ' '));
}

function init () {
    reset_sort_headers();

    add_collapse();

    show_filters();

    sort_column(find('.initial-sort'));

    find_all('.sortable').forEach(function(elem) {
        elem.addEventListener("click",
                              function(event) {
                                  sort_column(elem);
                              }, false)
    });

};

function sort_table(clicked, key_func) {
    var rows = find_all('.results-table-row');
    var reversed = !clicked.classList.contains('asc');
    var sorted_rows = sort(rows, key_func, reversed);
    /* Whole table is removed here because browsers acts much slower
     * when appending existing elements.
     */
    var thead = document.getElementById("results-table-head");
    document.getElementById('results-table').remove();
    var parent = document.createElement("table");
    parent.id = "results-table";
    parent.appendChild(thead);
    sorted_rows.forEach(function(elem) {
        parent.appendChild(elem);
    });
    document.getElementsByTagName("BODY")[0].appendChild(parent);
}

function sort(items, key_func, reversed) {
    var sort_array = items.map(function(item, i) {
        return [key_func(item), i];
    });

    sort_array.sort(function(a, b) {
        var key_a = a[0];
        var key_b = b[0];

        if (key_a == key_b) return 0;

        if (reversed) {
            return (key_a < key_b ? 1 : -1);
        } else {
            return (key_a > key_b ? 1 : -1);
        }
    });

    return sort_array.map(function(item) {
        var index = item[1];
        return items[index];
    });
}

function key_alpha(col_index) {
    return function(elem) {
        return elem.childNodes[1].childNodes[col_index].firstChild.data.toLowerCase();
    };
}

function key_num(col_index) {
    return function(elem) {
        return parseFloat(elem.childNodes[1].childNodes[col_index].firstChild.data);
    };
}

function key_result(col_index) {
    return function(elem) {
        var strings = ['Error', 'Failed', 'Rerun', 'XFailed', 'XPassed',
                       'Skipped', 'Passed'];
        return strings.indexOf(elem.childNodes[1].childNodes[col_index].firstChild.data);
    };
}

function reset_sort_headers() {
    find_all('.sort-icon').forEach(function(elem) {
        elem.parentNode.removeChild(elem);
    });
    find_all('.sortable').forEach(function(elem) {
        var icon = document.createElement("div");
        icon.className = "sort-icon";
        icon.textContent = "vvv";
        elem.insertBefore(icon, elem.firstChild);
        elem.classList.remove("desc", "active");
        elem.classList.add("asc", "inactive");
    });
}

function toggle_sort_states(elem) {
    //if active, toggle between asc and desc
    if (elem.classList.contains('active')) {
        elem.classList.toggle('asc');
        elem.classList.toggle('desc');
    }

    //if inactive, reset all other functions and add ascending active
    if (elem.classList.contains('inactive')) {
        reset_sort_headers();
        elem.classList.remove('inactive');
        elem.classList.add('active');
    }
}

function is_all_rows_hidden(value) {
  return value.hidden == false;
}

function filter_table(elem) {
    var outcome_att = "data-test-result";
    var outcome = elem.getAttribute(outcome_att);
    class_outcome = outcome + " results-table-row";
    var outcome_rows = document.getElementsByClassName(class_outcome);

    for(var i = 0; i < outcome_rows.length; i++){
        outcome_rows[i].hidden = !elem.checked;
    }

    var rows = find_all('.results-table-row').filter(is_all_rows_hidden);
    var all_rows_hidden = rows.length == 0 ? true : false;
    var not_found_message = document.getElementById("not-found-message");
    not_found_message.hidden = !all_rows_hidden;
}
</script>
    <h1>test6.html</h1>
    <p>Report generated on 17-Nov-2020 at 15:07:33 by <a href="https://pypi.python.org/pypi/pytest-html">pytest-html</a> v2.1.1</p>
    <h2>Environment</h2>
    <table id="environment">
      <tr>
        <td>Packages</td>
        <td>{"pluggy": "0.13.1", "py": "1.9.0", "pytest": "6.1.2"}</td></tr>
      <tr>
        <td>Platform</td>
        <td>Windows-10-10.0.19041-SP0</td></tr>
      <tr>
        <td>Plugins</td>
        <td>{"forked": "1.3.0", "html": "2.1.1", "metadata": "1.10.0", "xdist": "2.0.0"}</td></tr>
      <tr>
        <td>Python</td>
        <td>3.8.2</td></tr></table>
    <h2>Summary</h2>
    <p>9 tests ran in 83.65 seconds. </p>
    <p class="filter" hidden="true">(Un)check the boxes to filter the results.</p><input checked="true" class="filter" data-test-result="passed" disabled="true" hidden="true" name="filter_checkbox" onChange="filter_table(this)" type="checkbox"/><span class="passed">0 passed</span>, <input checked="true" class="filter" data-test-result="skipped" disabled="true" hidden="true" name="filter_checkbox" onChange="filter_table(this)" type="checkbox"/><span class="skipped">0 skipped</span>, <input checked="true" class="filter" data-test-result="failed" hidden="true" name="filter_checkbox" onChange="filter_table(this)" type="checkbox"/><span class="failed">9 failed</span>, <input checked="true" class="filter" data-test-result="error" disabled="true" hidden="true" name="filter_checkbox" onChange="filter_table(this)" type="checkbox"/><span class="error">0 errors</span>, <input checked="true" class="filter" data-test-result="xfailed" disabled="true" hidden="true" name="filter_checkbox" onChange="filter_table(this)" type="checkbox"/><span class="xfailed">0 expected failures</span>, <input checked="true" class="filter" data-test-result="xpassed" disabled="true" hidden="true" name="filter_checkbox" onChange="filter_table(this)" type="checkbox"/><span class="xpassed">0 unexpected passes</span>
    <h2>Results</h2>
    <table id="results-table">
      <thead id="results-table-head">
        <tr>
          <th class="sortable result initial-sort" col="result">Result</th>
          <th class="sortable" col="name">Test</th>
          <th class="sortable numeric" col="duration">Duration</th>
          <th>Links</th></tr>
        <tr hidden="true" id="not-found-message">
          <th colspan="4">No results found. Try to check the filters</th></tr></thead>
      <tbody class="failed results-table-row">
        <tr>
          <td class="col-result">Failed</td>
          <td class="col-name">test_LoginPage.py::Test_Login::test_login[chrome-arg10]</td>
          <td class="col-duration">4.12</td>
          <td class="col-links"></td></tr>
        <tr>
          <td class="extra" colspan="4">
            <div class="log">self = &lt;Tests.test_LoginPage.Test_Login object at 0x000001D5E527CBE0&gt;, arg1 = {&#x27;Site URL&#x27;: &#x27;https://www.guru99.com/&#x27;, &#x27;Testcase&#x27;: &#x27;TC001&#x27;, &#x27;email&#x27;: &#x27;essarkemurthy@gmail.com&#x27;}<br/><br/>    @pytest.mark.parametrize(&#x27;arg1&#x27;, data)<br/>    def test_login(self, arg1):<br/>        self.loginpage = LoginPage(self.driver)<br/>        self.loginpage.do_login(arg1[&#x27;Site URL&#x27;], arg1[&#x27;email&#x27;])<br/>        self.results_page = ResultsPage(self.driver)<br/>        scores = self.results_page.get_results()<br/>&gt;       final_result = self.results_page.validate_score(scores)<br/><br/>test_LoginPage.py:19: <br/>_ _ _ _ _ _ _ _ _ _ _ _ _ _ _ _ _ _ _ _ _ _ _ _ _ _ _ _ _ _ _ _ _ _ _ _ _ _ _ _ <br/><br/>self = &lt;Pages.ResultsPage.ResultsPage object at 0x000001D5DD697610&gt;, scores_input = {&#x27;mobile&#x27;: 0.67, &#x27;performance&#x27;: 0.7, &#x27;security&#x27;: 0.5, &#x27;seo&#x27;: 1.0}<br/><br/>    def validate_score(self, scores_input):<br/>        for index, key in enumerate(scores_input):<br/>            if scores_input[key] &gt;= 0.07:<br/>&gt;               assert print(key, scores_input[key])<br/><span class="error">E               AssertionError</span><br/><br/>..\Pages\ResultsPage.py:31: AssertionError<br/></div></td></tr></tbody>
      <tbody class="failed results-table-row">
        <tr>
          <td class="col-result">Failed</td>
          <td class="col-name">test_LoginPage.py::Test_Login::test_login[chrome-arg11]</td>
          <td class="col-duration">6.95</td>
          <td class="col-links"></td></tr>
        <tr>
          <td class="extra" colspan="4">
            <div class="log">self = &lt;Tests.test_LoginPage.Test_Login object at 0x000001D5E5319790&gt;, arg1 = {&#x27;Site URL&#x27;: &#x27;https://www.w3schools.com/&#x27;, &#x27;Testcase&#x27;: &#x27;TC002&#x27;, &#x27;email&#x27;: &#x27;essarkemurthy@gmail.com&#x27;}<br/><br/>    @pytest.mark.parametrize(&#x27;arg1&#x27;, data)<br/>    def test_login(self, arg1):<br/>        self.loginpage = LoginPage(self.driver)<br/>        self.loginpage.do_login(arg1[&#x27;Site URL&#x27;], arg1[&#x27;email&#x27;])<br/>        self.results_page = ResultsPage(self.driver)<br/>        scores = self.results_page.get_results()<br/>&gt;       final_result = self.results_page.validate_score(scores)<br/><br/>test_LoginPage.py:19: <br/>_ _ _ _ _ _ _ _ _ _ _ _ _ _ _ _ _ _ _ _ _ _ _ _ _ _ _ _ _ _ _ _ _ _ _ _ _ _ _ _ <br/><br/>self = &lt;Pages.ResultsPage.ResultsPage object at 0x000001D5E52EACA0&gt;, scores_input = {&#x27;mobile&#x27;: 1.0, &#x27;performance&#x27;: 0.77, &#x27;security&#x27;: 1.0, &#x27;seo&#x27;: 0.83}<br/><br/>    def validate_score(self, scores_input):<br/>        for index, key in enumerate(scores_input):<br/>            if scores_input[key] &gt;= 0.07:<br/>&gt;               assert print(key, scores_input[key])<br/><span class="error">E               AssertionError</span><br/><br/>..\Pages\ResultsPage.py:31: AssertionError<br/></div></td></tr></tbody>
      <tbody class="failed results-table-row">
        <tr>
          <td class="col-result">Failed</td>
          <td class="col-name">test_LoginPage.py::Test_Login::test_login[chrome-arg12]</td>
          <td class="col-duration">7.27</td>
          <td class="col-links"></td></tr>
        <tr>
          <td class="extra" colspan="4">
            <div class="log">self = &lt;Tests.test_LoginPage.Test_Login object at 0x000001D5E5399400&gt;, arg1 = {&#x27;Site URL&#x27;: &#x27;https://www.flipkart.com/&#x27;, &#x27;Testcase&#x27;: &#x27;TC003&#x27;, &#x27;email&#x27;: &#x27;essarkemurthy@gmail.com&#x27;}<br/><br/>    @pytest.mark.parametrize(&#x27;arg1&#x27;, data)<br/>    def test_login(self, arg1):<br/>        self.loginpage = LoginPage(self.driver)<br/>        self.loginpage.do_login(arg1[&#x27;Site URL&#x27;], arg1[&#x27;email&#x27;])<br/>        self.results_page = ResultsPage(self.driver)<br/>        scores = self.results_page.get_results()<br/>&gt;       final_result = self.results_page.validate_score(scores)<br/><br/>test_LoginPage.py:19: <br/>_ _ _ _ _ _ _ _ _ _ _ _ _ _ _ _ _ _ _ _ _ _ _ _ _ _ _ _ _ _ _ _ _ _ _ _ _ _ _ _ <br/><br/>self = &lt;Pages.ResultsPage.ResultsPage object at 0x000001D5E53992B0&gt;, scores_input = {&#x27;mobile&#x27;: 1.0, &#x27;performance&#x27;: 0.4, &#x27;security&#x27;: 1.0, &#x27;seo&#x27;: 1.0}<br/><br/>    def validate_score(self, scores_input):<br/>        for index, key in enumerate(scores_input):<br/>            if scores_input[key] &gt;= 0.07:<br/>&gt;               assert print(key, scores_input[key])<br/><span class="error">E               AssertionError</span><br/><br/>..\Pages\ResultsPage.py:31: AssertionError<br/></div></td></tr></tbody>
      <tbody class="failed results-table-row">
        <tr>
          <td class="col-result">Failed</td>
          <td class="col-name">test_LoginPage.py::Test_Login::test_login[chrome-arg13]</td>
          <td class="col-duration">6.40</td>
          <td class="col-links"></td></tr>
        <tr>
          <td class="extra" colspan="4">
            <div class="log">self = &lt;Tests.test_LoginPage.Test_Login object at 0x000001D5E53B29D0&gt;, arg1 = {&#x27;Site URL&#x27;: &#x27;https://www.amazon.com/&#x27;, &#x27;Testcase&#x27;: &#x27;TC004&#x27;, &#x27;email&#x27;: &#x27;essarkemurthy@gmail.com&#x27;}<br/><br/>    @pytest.mark.parametrize(&#x27;arg1&#x27;, data)<br/>    def test_login(self, arg1):<br/>        self.loginpage = LoginPage(self.driver)<br/>        self.loginpage.do_login(arg1[&#x27;Site URL&#x27;], arg1[&#x27;email&#x27;])<br/>        self.results_page = ResultsPage(self.driver)<br/>        scores = self.results_page.get_results()<br/>&gt;       final_result = self.results_page.validate_score(scores)<br/><br/>test_LoginPage.py:19: <br/>_ _ _ _ _ _ _ _ _ _ _ _ _ _ _ _ _ _ _ _ _ _ _ _ _ _ _ _ _ _ _ _ _ _ _ _ _ _ _ _ <br/><br/>self = &lt;Pages.ResultsPage.ResultsPage object at 0x000001D5E53B2A00&gt;, scores_input = {&#x27;mobile&#x27;: 1.0, &#x27;performance&#x27;: 0.3, &#x27;security&#x27;: 1.0, &#x27;seo&#x27;: 0.83}<br/><br/>    def validate_score(self, scores_input):<br/>        for index, key in enumerate(scores_input):<br/>            if scores_input[key] &gt;= 0.07:<br/>&gt;               assert print(key, scores_input[key])<br/><span class="error">E               AssertionError</span><br/><br/>..\Pages\ResultsPage.py:31: AssertionError<br/></div></td></tr></tbody>
      <tbody class="failed results-table-row">
        <tr>
          <td class="col-result">Failed</td>
          <td class="col-name">test_LoginPage.py::Test_Login::test_login[chrome-arg14]</td>
          <td class="col-duration">26.50</td>
          <td class="col-links"></td></tr>
        <tr>
          <td class="extra" colspan="4">
            <div class="log">self = &lt;Tests.test_LoginPage.Test_Login object at 0x000001D5E53B2850&gt;, arg1 = {&#x27;Site URL&#x27;: &#x27;https://www.onlinesbi.com/&#x27;, &#x27;Testcase&#x27;: &#x27;TC005&#x27;, &#x27;email&#x27;: &#x27;essarkemurthy@gmail.com&#x27;}<br/><br/>    @pytest.mark.parametrize(&#x27;arg1&#x27;, data)<br/>    def test_login(self, arg1):<br/>        self.loginpage = LoginPage(self.driver)<br/>        self.loginpage.do_login(arg1[&#x27;Site URL&#x27;], arg1[&#x27;email&#x27;])<br/>        self.results_page = ResultsPage(self.driver)<br/>&gt;       scores = self.results_page.get_results()<br/><br/>test_LoginPage.py:18: <br/>_ _ _ _ _ _ _ _ _ _ _ _ _ _ _ _ _ _ _ _ _ _ _ _ _ _ _ _ _ _ _ _ _ _ _ _ _ _ _ _ <br/>..\Pages\ResultsPage.py:22: in get_results<br/>    results = {&#x27;performance&#x27;: self.get_score(ResultsPage.PERFORMANCE),<br/>..\Pages\ResultsPage.py:16: in get_score<br/>    string = self.get_element_text(locator)<br/>..\Pages\BasePage.py:31: in get_element_text<br/>    element = WebDriverWait(self.driver, 20).until(EC.visibility_of_element_located(locator))<br/>_ _ _ _ _ _ _ _ _ _ _ _ _ _ _ _ _ _ _ _ _ _ _ _ _ _ _ _ _ _ _ _ _ _ _ _ _ _ _ _ <br/><br/>self = &lt;selenium.webdriver.support.wait.WebDriverWait (session=&quot;52dfdfd9b49771092e696801b42d8a68&quot;)&gt;<br/>method = &lt;selenium.webdriver.support.expected_conditions.visibility_of_element_located object at 0x000001D5E53B2F70&gt;, message = &#x27;&#x27;<br/><br/>    def until(self, method, message=&#x27;&#x27;):<br/>        &quot;&quot;&quot;Calls the method provided with the driver as an argument until the \<br/>        return value is not False.&quot;&quot;&quot;<br/>        screen = None<br/>        stacktrace = None<br/>    <br/>        end_time = time.time() + self._timeout<br/>        while True:<br/>            try:<br/>                value = method(self._driver)<br/>                if value:<br/>                    return value<br/>            except self._ignored_exceptions as exc:<br/>                screen = getattr(exc, &#x27;screen&#x27;, None)<br/>                stacktrace = getattr(exc, &#x27;stacktrace&#x27;, None)<br/>            time.sleep(self._poll)<br/>            if time.time() &gt; end_time:<br/>                break<br/>&gt;       raise TimeoutException(message, screen, stacktrace)<br/><span class="error">E       selenium.common.exceptions.TimeoutException: Message:</span><br/><br/>c:\program files\python38\lib\site-packages\selenium\webdriver\support\wait.py:80: TimeoutException<br/></div></td></tr></tbody>
      <tbody class="failed results-table-row">
        <tr>
          <td class="col-result">Failed</td>
          <td class="col-name">test_LoginPage.py::Test_Login::test_login[chrome-arg15]</td>
          <td class="col-duration">6.62</td>
          <td class="col-links"></td></tr>
        <tr>
          <td class="extra" colspan="4">
            <div class="log">self = &lt;Tests.test_LoginPage.Test_Login object at 0x000001D5E53ACAC0&gt;, arg1 = {&#x27;Site URL&#x27;: &#x27;https://www.axisbank.com/&#x27;, &#x27;Testcase&#x27;: &#x27;TC006&#x27;, &#x27;email&#x27;: &#x27;essarkemurthy@gmail.com&#x27;}<br/><br/>    @pytest.mark.parametrize(&#x27;arg1&#x27;, data)<br/>    def test_login(self, arg1):<br/>        self.loginpage = LoginPage(self.driver)<br/>        self.loginpage.do_login(arg1[&#x27;Site URL&#x27;], arg1[&#x27;email&#x27;])<br/>        self.results_page = ResultsPage(self.driver)<br/>        scores = self.results_page.get_results()<br/>&gt;       final_result = self.results_page.validate_score(scores)<br/><br/>test_LoginPage.py:19: <br/>_ _ _ _ _ _ _ _ _ _ _ _ _ _ _ _ _ _ _ _ _ _ _ _ _ _ _ _ _ _ _ _ _ _ _ _ _ _ _ _ <br/><br/>self = &lt;Pages.ResultsPage.ResultsPage object at 0x000001D5E53ACD30&gt;, scores_input = {&#x27;mobile&#x27;: 0.67, &#x27;performance&#x27;: 0.43, &#x27;security&#x27;: 0.5, &#x27;seo&#x27;: 1.0}<br/><br/>    def validate_score(self, scores_input):<br/>        for index, key in enumerate(scores_input):<br/>            if scores_input[key] &gt;= 0.07:<br/>&gt;               assert print(key, scores_input[key])<br/><span class="error">E               AssertionError</span><br/><br/>..\Pages\ResultsPage.py:31: AssertionError<br/></div></td></tr></tbody>
      <tbody class="failed results-table-row">
        <tr>
          <td class="col-result">Failed</td>
          <td class="col-name">test_LoginPage.py::Test_Login::test_login[chrome-arg16]</td>
          <td class="col-duration">6.39</td>
          <td class="col-links"></td></tr>
        <tr>
          <td class="extra" colspan="4">
            <div class="log">self = &lt;Tests.test_LoginPage.Test_Login object at 0x000001D5E53AC0D0&gt;, arg1 = {&#x27;Site URL&#x27;: &#x27;https://www.ness.com/&#x27;, &#x27;Testcase&#x27;: &#x27;TC007&#x27;, &#x27;email&#x27;: &#x27;essarkemurthy@gmail.com&#x27;}<br/><br/>    @pytest.mark.parametrize(&#x27;arg1&#x27;, data)<br/>    def test_login(self, arg1):<br/>        self.loginpage = LoginPage(self.driver)<br/>        self.loginpage.do_login(arg1[&#x27;Site URL&#x27;], arg1[&#x27;email&#x27;])<br/>        self.results_page = ResultsPage(self.driver)<br/>        scores = self.results_page.get_results()<br/>&gt;       final_result = self.results_page.validate_score(scores)<br/><br/>test_LoginPage.py:19: <br/>_ _ _ _ _ _ _ _ _ _ _ _ _ _ _ _ _ _ _ _ _ _ _ _ _ _ _ _ _ _ _ _ _ _ _ _ _ _ _ _ <br/><br/>self = &lt;Pages.ResultsPage.ResultsPage object at 0x000001D5E53AC460&gt;, scores_input = {&#x27;mobile&#x27;: 0.67, &#x27;performance&#x27;: 0.27, &#x27;security&#x27;: 0.5, &#x27;seo&#x27;: 0.67}<br/><br/>    def validate_score(self, scores_input):<br/>        for index, key in enumerate(scores_input):<br/>            if scores_input[key] &gt;= 0.07:<br/>&gt;               assert print(key, scores_input[key])<br/><span class="error">E               AssertionError</span><br/><br/>..\Pages\ResultsPage.py:31: AssertionError<br/></div></td></tr></tbody>
      <tbody class="failed results-table-row">
        <tr>
          <td class="col-result">Failed</td>
          <td class="col-name">test_LoginPage.py::Test_Login::test_login[chrome-arg17]</td>
          <td class="col-duration">6.37</td>
          <td class="col-links"></td></tr>
        <tr>
          <td class="extra" colspan="4">
            <div class="log">self = &lt;Tests.test_LoginPage.Test_Login object at 0x000001D5E53AC4F0&gt;, arg1 = {&#x27;Site URL&#x27;: &#x27;https://www.vunetsystems.com/&#x27;, &#x27;Testcase&#x27;: &#x27;TC008&#x27;, &#x27;email&#x27;: &#x27;essarkemurthy@gmail.com&#x27;}<br/><br/>    @pytest.mark.parametrize(&#x27;arg1&#x27;, data)<br/>    def test_login(self, arg1):<br/>        self.loginpage = LoginPage(self.driver)<br/>        self.loginpage.do_login(arg1[&#x27;Site URL&#x27;], arg1[&#x27;email&#x27;])<br/>        self.results_page = ResultsPage(self.driver)<br/>        scores = self.results_page.get_results()<br/>&gt;       final_result = self.results_page.validate_score(scores)<br/><br/>test_LoginPage.py:19: <br/>_ _ _ _ _ _ _ _ _ _ _ _ _ _ _ _ _ _ _ _ _ _ _ _ _ _ _ _ _ _ _ _ _ _ _ _ _ _ _ _ <br/><br/>self = &lt;Pages.ResultsPage.ResultsPage object at 0x000001D5E53D4130&gt;, scores_input = {&#x27;mobile&#x27;: 0.67, &#x27;performance&#x27;: 0.73, &#x27;security&#x27;: 0.5, &#x27;seo&#x27;: 0.83}<br/><br/>    def validate_score(self, scores_input):<br/>        for index, key in enumerate(scores_input):<br/>            if scores_input[key] &gt;= 0.07:<br/>&gt;               assert print(key, scores_input[key])<br/><span class="error">E               AssertionError</span><br/><br/>..\Pages\ResultsPage.py:31: AssertionError<br/></div></td></tr></tbody>
      <tbody class="failed results-table-row">
        <tr>
          <td class="col-result">Failed</td>
          <td class="col-name">test_LoginPage.py::Test_Login::test_login[chrome-arg18]</td>
          <td class="col-duration">6.63</td>
          <td class="col-links"></td></tr>
        <tr>
          <td class="extra" colspan="4">
            <div class="log">self = &lt;Tests.test_LoginPage.Test_Login object at 0x000001D5E53CA730&gt;, arg1 = {&#x27;Site URL&#x27;: &#x27;https://www.microsoft.com/en-in&#x27;, &#x27;Testcase&#x27;: &#x27;TC009&#x27;, &#x27;email&#x27;: &#x27;essarkemurthy@gmail.com&#x27;}<br/><br/>    @pytest.mark.parametrize(&#x27;arg1&#x27;, data)<br/>    def test_login(self, arg1):<br/>        self.loginpage = LoginPage(self.driver)<br/>        self.loginpage.do_login(arg1[&#x27;Site URL&#x27;], arg1[&#x27;email&#x27;])<br/>        self.results_page = ResultsPage(self.driver)<br/>        scores = self.results_page.get_results()<br/>&gt;       final_result = self.results_page.validate_score(scores)<br/><br/>test_LoginPage.py:19: <br/>_ _ _ _ _ _ _ _ _ _ _ _ _ _ _ _ _ _ _ _ _ _ _ _ _ _ _ _ _ _ _ _ _ _ _ _ _ _ _ _ <br/><br/>self = &lt;Pages.ResultsPage.ResultsPage object at 0x000001D5E53CA760&gt;, scores_input = {&#x27;mobile&#x27;: 0.67, &#x27;performance&#x27;: 0.47, &#x27;security&#x27;: 0.5, &#x27;seo&#x27;: 0.83}<br/><br/>    def validate_score(self, scores_input):<br/>        for index, key in enumerate(scores_input):<br/>            if scores_input[key] &gt;= 0.07:<br/>&gt;               assert print(key, scores_input[key])<br/><span class="error">E               AssertionError</span><br/><br/>..\Pages\ResultsPage.py:31: AssertionError<br/></div></td></tr></tbody></table></body></html>